
2011-06-03 09:22:25...Begin System Check Process *************
2011-06-03 09:22:25...ERROR:: Database Support was not found.  Please make sure you have the necessary drivers for one of the following supported Database Types: MySQL, MS SQLServer, or Oracle.  You might need to uncomment the extension in the php.ini file, or recompile with the right binary file, depending on your version of PHP.  Please refer to your PHP Manual for more information on how to enable Database Support.
2011-06-03 09:22:25...XML Parsing Support Found
2011-06-03 09:22:25...ERROR:: Functions associated with the Multibyte Strings PHP extension (mbstring) that are needed by the Sugar application were not found. <br/><br/>Generally, the mbstring module is not enabled by default in PHP and must be activated with --enable-mbstring when the PHP binary is built. Please refer to your PHP Manual for more information on how to enable mbstring support.
2011-06-03 09:22:25...ZIP Support Found
2011-06-03 09:22:25.../custom directory and subdirectory check passed
2011-06-03 09:22:25.../data/upoad directory and subdirectory check passed
2011-06-03 09:22:25.../cache directory and subdirectory check passed
2011-06-03 09:22:25.../module  directory and subdirectory check passed
2011-06-03 09:22:25...php.ini location found. /etc/php.ini
2011-06-03 09:22:25...Outputting HTML for System check
2011-06-03 09:22:25...Errors were found *************
2011-06-03 09:24:31...Begin System Check Process *************
2011-06-03 09:24:31...ERROR:: Database Support was not found.  Please make sure you have the necessary drivers for one of the following supported Database Types: MySQL, MS SQLServer, or Oracle.  You might need to uncomment the extension in the php.ini file, or recompile with the right binary file, depending on your version of PHP.  Please refer to your PHP Manual for more information on how to enable Database Support.
2011-06-03 09:24:31...XML Parsing Support Found
2011-06-03 09:24:31...ERROR:: Functions associated with the Multibyte Strings PHP extension (mbstring) that are needed by the Sugar application were not found. <br/><br/>Generally, the mbstring module is not enabled by default in PHP and must be activated with --enable-mbstring when the PHP binary is built. Please refer to your PHP Manual for more information on how to enable mbstring support.
2011-06-03 09:24:31...ZIP Support Found
2011-06-03 09:24:31.../custom directory and subdirectory check passed
2011-06-03 09:24:31.../data/upoad directory and subdirectory check passed
2011-06-03 09:24:31.../cache directory and subdirectory check passed
2011-06-03 09:24:31.../module  directory and subdirectory check passed
2011-06-03 09:24:31...php.ini location found. /etc/php.ini
2011-06-03 09:24:31...Outputting HTML for System check
2011-06-03 09:24:31...Errors were found *************
2011-06-03 09:25:47...Begin System Check Process *************
2011-06-03 09:25:47...Found at least one supported DB Type
2011-06-03 09:25:47...XML Parsing Support Found
2011-06-03 09:25:47...MBString Support Found
2011-06-03 09:25:47...ZIP Support Found
2011-06-03 09:25:47.../custom directory and subdirectory check passed
2011-06-03 09:25:47.../data/upoad directory and subdirectory check passed
2011-06-03 09:25:47.../cache directory and subdirectory check passed
2011-06-03 09:25:47.../module  directory and subdirectory check passed
2011-06-03 09:25:47...php.ini location found. /etc/php.ini
2011-06-03 09:25:47...Outputting HTML for System check
2011-06-03 09:25:47...No Errors were found *************
2011-06-03 09:26:14...Begin DB Check Process *************
2011-06-03 09:26:14...Basic form info is valid, continuing Process.
2011-06-03 09:26:14...testing with mysql
2011-06-03 09:26:14...MySQLI library detected
2011-06-03 09:26:14...Connection made using  host: localhost, usr: root
2011-06-03 09:26:14...Testing priviliged account...
2011-06-03 09:26:14...Connection made for Privileged admin account using  host: localhost, usr: root
2011-06-03 09:26:14...DB not selected, will create cef
2011-06-03 09:26:14...Passed DB Version check, version is 5.1.56
2011-06-03 09:26:14...SUCCESS:: no errors detected!
2011-06-03 09:26:14...End DB Check Process *************
2011-06-03 09:27:12...calling handleSugarConfig()
2011-06-03 09:27:12...calling handleLog4Php()
2011-06-03 09:27:12...calling handleHtaccess()
2011-06-03 09:27:12...calling handleDbCreateDatabase()
2011-06-03 09:27:12...looping through all the Beans and create their tables
2011-06-03 09:27:12...processing table acl_actions
2011-06-03 09:27:12...dropping table acl_actions
2011-06-03 09:27:12...creating table acl_actions
2011-06-03 09:27:12...creating Relationship Meta for ACLAction
2011-06-03 09:27:12...processing table acl_roles
2011-06-03 09:27:12...dropping table acl_roles
2011-06-03 09:27:12...creating table acl_roles
2011-06-03 09:27:12...creating Relationship Meta for ACLRole
2011-06-03 09:27:12...processing table relationships
2011-06-03 09:27:12...dropping table relationships
2011-06-03 09:27:12...creating table relationships
2011-06-03 09:27:12...creating Relationship Meta for Relationship
2011-06-03 09:27:12...processing table leads
2011-06-03 09:27:12...dropping table leads
2011-06-03 09:27:12...creating table leads
2011-06-03 09:27:12...creating Relationship Meta for Lead
2011-06-03 09:27:12...processing table cases
2011-06-03 09:27:12...dropping table cases
2011-06-03 09:27:13...creating table cases
2011-06-03 09:27:13...creating Relationship Meta for Case
2011-06-03 09:27:13...processing table bugs
2011-06-03 09:27:13...dropping table bugs
2011-06-03 09:27:13...creating table bugs
2011-06-03 09:27:13...creating Relationship Meta for Bug
2011-06-03 09:27:13...processing table users
2011-06-03 09:27:13...dropping table users
2011-06-03 09:27:13...creating table users
2011-06-03 09:27:13...creating Relationship Meta for User
2011-06-03 09:27:13...processing table campaign_log
2011-06-03 09:27:13...dropping table campaign_log
2011-06-03 09:27:13...creating table campaign_log
2011-06-03 09:27:13...creating Relationship Meta for CampaignLog
2011-06-03 09:27:13...processing table project
2011-06-03 09:27:13...dropping table project
2011-06-03 09:27:13...creating table project
2011-06-03 09:27:13...creating Relationship Meta for Project
2011-06-03 09:27:13...processing table project_task
2011-06-03 09:27:13...dropping table project_task
2011-06-03 09:27:13...creating table project_task
2011-06-03 09:27:13...creating Relationship Meta for ProjectTask
2011-06-03 09:27:13...processing table campaigns
2011-06-03 09:27:13...dropping table campaigns
2011-06-03 09:27:13...creating table campaigns
2011-06-03 09:27:13...creating Relationship Meta for Campaign
2011-06-03 09:27:13...processing table prospect_lists
2011-06-03 09:27:13...dropping table prospect_lists
2011-06-03 09:27:14...creating table prospect_lists
2011-06-03 09:27:14...creating Relationship Meta for ProspectList
2011-06-03 09:27:14...processing table prospects
2011-06-03 09:27:14...dropping table prospects
2011-06-03 09:27:14...creating table prospects
2011-06-03 09:27:14...creating Relationship Meta for Prospect
2011-06-03 09:27:14...processing table email_marketing
2011-06-03 09:27:14...dropping table email_marketing
2011-06-03 09:27:14...creating table email_marketing
2011-06-03 09:27:14...creating Relationship Meta for EmailMarketing
2011-06-03 09:27:14...processing table campaign_trkrs
2011-06-03 09:27:14...dropping table campaign_trkrs
2011-06-03 09:27:14...creating table campaign_trkrs
2011-06-03 09:27:14...creating Relationship Meta for CampaignTracker
2011-06-03 09:27:14...processing table releases
2011-06-03 09:27:14...dropping table releases
2011-06-03 09:27:14...creating table releases
2011-06-03 09:27:14...creating Relationship Meta for Release
2011-06-03 09:27:14...processing table emailman
2011-06-03 09:27:14...dropping table emailman
2011-06-03 09:27:14...creating table emailman
2011-06-03 09:27:14...creating Relationship Meta for EmailMan
2011-06-03 09:27:14...processing table schedulers
2011-06-03 09:27:14...dropping table schedulers
2011-06-03 09:27:14...creating table schedulers
2011-06-03 09:27:14...creating Relationship Meta for schedulers
2011-06-03 09:27:14...processing table schedulers_times
2011-06-03 09:27:14...dropping table schedulers_times
2011-06-03 09:27:14...creating table schedulers_times
2011-06-03 09:27:14...creating Relationship Meta for SchedulersJob
2011-06-03 09:27:14...processing table contacts
2011-06-03 09:27:14...dropping table contacts
2011-06-03 09:27:14...creating table contacts
2011-06-03 09:27:14...creating Relationship Meta for Contact
2011-06-03 09:27:14...processing table accounts
2011-06-03 09:27:14...dropping table accounts
2011-06-03 09:27:14...creating table accounts
2011-06-03 09:27:14...creating Relationship Meta for Account
2011-06-03 09:27:14...processing table opportunities
2011-06-03 09:27:14...dropping table opportunities
2011-06-03 09:27:14...creating table opportunities
2011-06-03 09:27:14...creating Relationship Meta for Opportunity
2011-06-03 09:27:14...processing table email_templates
2011-06-03 09:27:14...dropping table email_templates
2011-06-03 09:27:14...creating table email_templates
2011-06-03 09:27:14...creating Relationship Meta for EmailTemplate
2011-06-03 09:27:14...processing table notes
2011-06-03 09:27:14...dropping table notes
2011-06-03 09:27:14...creating table notes
2011-06-03 09:27:14...creating Relationship Meta for Note
2011-06-03 09:27:15...processing table calls
2011-06-03 09:27:15...dropping table calls
2011-06-03 09:27:15...creating table calls
2011-06-03 09:27:15...creating Relationship Meta for Call
2011-06-03 09:27:15...processing table emails
2011-06-03 09:27:15...dropping table emails
2011-06-03 09:27:15...creating table emails
2011-06-03 09:27:15...creating Relationship Meta for Email
2011-06-03 09:27:15...processing table meetings
2011-06-03 09:27:15...dropping table meetings
2011-06-03 09:27:15...creating table meetings
2011-06-03 09:27:15...creating Relationship Meta for Meeting
2011-06-03 09:27:15...processing table tasks
2011-06-03 09:27:15...dropping table tasks
2011-06-03 09:27:15...creating table tasks
2011-06-03 09:27:15...creating Relationship Meta for Task
2011-06-03 09:27:15...processing table users
2011-06-03 09:27:15...processing table users
2011-06-03 09:27:15...processing table currencies
2011-06-03 09:27:15...dropping table currencies
2011-06-03 09:27:15...creating table currencies
2011-06-03 09:27:15...creating Relationship Meta for Currency
2011-06-03 09:27:15...processing table tracker
2011-06-03 09:27:15...dropping table tracker
2011-06-03 09:27:15...creating table tracker
2011-06-03 09:27:15...creating Relationship Meta for Tracker
2011-06-03 09:27:15...processing table import_maps
2011-06-03 09:27:15...dropping table import_maps
2011-06-03 09:27:15...creating table import_maps
2011-06-03 09:27:15...creating Relationship Meta for ImportMap
2011-06-03 09:27:15...processing table users_last_import
2011-06-03 09:27:15...dropping table users_last_import
2011-06-03 09:27:15...creating table users_last_import
2011-06-03 09:27:15...creating Relationship Meta for UsersLastImport
2011-06-03 09:27:15...processing table config
2011-06-03 09:27:15...dropping table config
2011-06-03 09:27:15...creating table config
2011-06-03 09:27:15...creating Relationship Meta for Administration
2011-06-03 09:27:15...processing table upgrade_history
2011-06-03 09:27:15...dropping table upgrade_history
2011-06-03 09:27:15...creating table upgrade_history
2011-06-03 09:27:15...creating Relationship Meta for UpgradeHistory
2011-06-03 09:27:15...processing table vcals
2011-06-03 09:27:15...dropping table vcals
2011-06-03 09:27:15...creating table vcals
2011-06-03 09:27:15...creating Relationship Meta for vCal
2011-06-03 09:27:15...processing table versions
2011-06-03 09:27:15...dropping table versions
2011-06-03 09:27:15...creating table versions
2011-06-03 09:27:15...creating Relationship Meta for Version
2011-06-03 09:27:15...processing table roles
2011-06-03 09:27:15...dropping table roles
2011-06-03 09:27:15...creating table roles
2011-06-03 09:27:15...creating Relationship Meta for Role
2011-06-03 09:27:15...processing table documents
2011-06-03 09:27:15...dropping table documents
2011-06-03 09:27:15...creating table documents
2011-06-03 09:27:15...creating Relationship Meta for Document
2011-06-03 09:27:15...processing table document_revisions
2011-06-03 09:27:15...dropping table document_revisions
2011-06-03 09:27:15...creating table document_revisions
2011-06-03 09:27:15...creating Relationship Meta for DocumentRevision
2011-06-03 09:27:15...processing table fields_meta_data
2011-06-03 09:27:15...dropping table fields_meta_data
2011-06-03 09:27:15...creating table fields_meta_data
2011-06-03 09:27:15...creating Relationship Meta for FieldsMetaData
2011-06-03 09:27:15...processing table inbound_email
2011-06-03 09:27:15...dropping table inbound_email
2011-06-03 09:27:15...creating table inbound_email
2011-06-03 09:27:15...creating Relationship Meta for InboundEmail
2011-06-03 09:27:16...processing table saved_search
2011-06-03 09:27:16...dropping table saved_search
2011-06-03 09:27:16...creating table saved_search
2011-06-03 09:27:16...creating Relationship Meta for SavedSearch
2011-06-03 09:27:16...processing table user_preferences
2011-06-03 09:27:16...dropping table user_preferences
2011-06-03 09:27:16...creating table user_preferences
2011-06-03 09:27:16...creating Relationship Meta for UserPreference
2011-06-03 09:27:16...processing table 
2011-06-03 09:27:16...processing table email_addresses
2011-06-03 09:27:16...dropping table email_addresses
2011-06-03 09:27:16...creating table email_addresses
2011-06-03 09:27:16...creating Relationship Meta for EmailAddress
2011-06-03 09:27:16...processing table sugarfeed
2011-06-03 09:27:16...dropping table sugarfeed
2011-06-03 09:27:16...creating table sugarfeed
2011-06-03 09:27:16...creating Relationship Meta for SugarFeed
2011-06-03 09:27:16...processing table eapm
2011-06-03 09:27:16...dropping table eapm
2011-06-03 09:27:16...creating table eapm
2011-06-03 09:27:16...creating Relationship Meta for EAPM
2011-06-03 09:27:18...Begin creating Defaults
2011-06-03 09:27:18...insert defaults into config table
2011-06-03 09:27:18...Creating default users
2011-06-03 09:27:18...Creating default scheduler jobs
2011-06-03 09:27:18...Enable SugarFeeds
2011-06-03 09:27:18...populating the db with seed data
2011-06-03 09:27:37...Installation has completed *********